<?xml version="1.0" encoding="UTF-8"?>
<!-- Generated by org.testng.reporters.JUnitReportReporter -->
<testsuite skipped="0" hostname="SOHAN-PC" name="com.actitime.test.DemoTest" tests="1" failures="0" timestamp="2021-10-01T09:52:41 IST" time="0.020" errors="0">
  <testcase name="testDemo" time="0.020" classname="com.actitime.test.DemoTest"/>
  <system-out>
    <![CDATA[welcome to testng]]>
  </system-out>
</testsuite> <!-- com.actitime.test.DemoTest -->
