<?xml version="1.0" encoding="UTF-8"?>
<!-- Generated by org.testng.reporters.JUnitReportReporter -->
<testsuite skipped="0" hostname="SOHAN-PC" name="practice_sept.CustromerModule" tests="4" failures="0" timestamp="2021-10-01T09:52:41 IST" time="0.048" errors="0">
  <testcase name="deleteCustomer" time="0.016" classname="practice_sept.CustromerModule"/>
  <system-out>
    <![CDATA[delete customer]]>
  </system-out>
  <testcase name="editCustomer" time="0.008" classname="practice_sept.CustromerModule"/>
  <system-out>
    <![CDATA[edit customer]]>
  </system-out>
  <testcase name="createCustomer" time="0.000" classname="practice_sept.CustromerModule"/>
  <system-out>
    <![CDATA[create customer]]>
  </system-out>
  <testcase name="registerCustomer" time="0.024" classname="practice_sept.CustromerModule"/>
  <system-out>
    <![CDATA[register customer]]>
  </system-out>
</testsuite> <!-- practice_sept.CustromerModule -->
